<?xml version="1.0" encoding="utf-8"?><testsuites name="pytest tests"><testsuite name="pytest" errors="0" failures="0" skipped="0" tests="14" time="13.969" timestamp="2026-05-01T09:23:56.212030+00:00" hostname="agent-env-8b87c856-3c79-472d-b0ff-74652705bfce"><testcase classname="backend.tests.backend_test" name="test_root" time="0.338" /><testcase classname="backend.tests.backend_test" name="test_dashboard_stats" time="0.083" /><testcase classname="backend.tests.backend_test" name="test_properties_crud" time="0.708" /><testcase classname="backend.tests.backend_test" name="test_units_crud" time="0.747" /><testcase classname="backend.tests.backend_test" name="test_tenants_crud" time="0.775" /><testcase classname="backend.tests.backend_test" name="test_reservations_crud" time="0.685" /><testcase classname="backend.tests.backend_test" name="test_invoices_full_flow" time="2.196" /><testcase classname="backend.tests.backend_test" name="test_invoice_analyze_pdf" time="2.926" /><testcase classname="backend.tests.backend_test" name="test_invoice_analyze_pdf_magic_bytes_only" time="2.241" /><testcase classname="backend.tests.backend_test" name="test_tenants_percentage_summary_basic" time="0.995" /><testcase classname="backend.tests.backend_test" name="test_tenants_percentage_summary_returns_dict" time="0.078" /><testcase classname="backend.tests.backend_test" name="test_fixed_expenses_crud" time="1.082" /><testcase classname="backend.tests.backend_test" name="test_dashboard_stats_new_fields" time="0.079" /><testcase classname="backend.tests.backend_test" name="test_dashboard_fixed_expenses_frequency_normalization" time="0.869" /></testsuite></testsuites>