<?xml version="1.0" encoding="utf-8"?><testsuites name="pytest tests"><testsuite name="pytest" errors="0" failures="0" skipped="0" tests="17" time="20.012" timestamp="2026-05-05T14:00:01.264441+00:00" hostname="agent-env-8b87c856-3c79-472d-b0ff-74652705bfce"><testcase classname="test_auth_iter6.TestRecaptchaEnabled" name="test_config_reports_recaptcha_enabled_and_site_key" time="0.172" /><testcase classname="test_auth_iter6.TestRecaptchaEnabled" name="test_register_missing_recaptcha_returns_400" time="0.148" /><testcase classname="test_auth_iter6.TestRecaptchaEnabled" name="test_register_bogus_recaptcha_returns_401" time="0.246" /><testcase classname="test_auth_iter6.TestRecaptchaEnabled" name="test_login_missing_recaptcha_returns_400" time="0.150" /><testcase classname="test_auth_iter6.TestRecaptchaEnabled" name="test_login_bogus_recaptcha_returns_401" time="0.165" /><testcase classname="test_auth_iter6.TestRecaptchaEnabled" name="test_google_does_not_require_recaptcha" time="0.197" /><testcase classname="test_auth_iter6.TestTokenAndBearerOnly" name="test_register_returns_non_empty_token_field" time="3.604" /><testcase classname="test_auth_iter6.TestTokenAndBearerOnly" name="test_login_returns_non_empty_token_field" time="0.695" /><testcase classname="test_auth_iter6.TestTokenAndBearerOnly" name="test_bearer_only_auth_no_cookie" time="0.761" /><testcase classname="test_auth_iter6.TestTokenAndBearerOnly" name="test_no_bearer_and_no_cookie_returns_401" time="0.183" /><testcase classname="test_auth_iter6.TestRegressionBearer" name="test_properties_units_tenants_reservations_fixed" time="0.826" /><testcase classname="test_auth_iter6.TestRegressionBearer" name="test_invoice_analyze_image_and_pdf" time="5.616" /><testcase classname="test_auth_iter6.TestRegressionBearer" name="test_bank_and_history_bearer" time="1.034" /><testcase classname="test_auth_iter6.TestRegressionBearer" name="test_workspaces_invite_and_remove_member" time="0.859" /><testcase classname="test_auth_iter6.TestRegressionBearer" name="test_multi_tenant_isolation_bearer" time="0.457" /><testcase classname="test_auth_iter6.TestRegressionBearer" name="test_401_on_non_auth_endpoints_without_token" time="1.285" /><testcase classname="test_auth_iter6.TestRegressionBearer" name="test_me_still_401_cleanly" time="3.451" /></testsuite></testsuites>